# JRE version: OpenJDK Runtime Environment (8.0_152-b02) (build 1.8.0_152-release-1024-b02)
# Java VM: OpenJDK 64-Bit Server VM (25.152-b02 mixed mode windows-amd64 compressed oops)
Heap:
 PSYoungGen      total 232960K, used 29205K [0x00000000e0000000, 0x00000000f6780000, 0x0000000100000000)
  eden space 218624K, 6% used [0x00000000e0000000,0x00000000e0e8b718,0x00000000ed580000)
  from space 14336K, 99% used [0x00000000ed580000,0x00000000ee379e60,0x00000000ee380000)
  to   space 19968K, 0% used [0x00000000f5400000,0x00000000f5400000,0x00000000f6780000)
 ParOldGen       total 87040K, used 23427K [0x00000000a0000000, 0x00000000a5500000, 0x00000000e0000000)
  object space 87040K, 26% used [0x00000000a0000000,0x00000000a16e0de8,0x00000000a5500000)
 Metaspace       used 51413K, capacity 52940K, committed 53080K, reserved 1095680K
  class space    used 7078K, capacity 7451K, committed 7552K, reserved 1048576K
GC Heap History (10 events):
Event: 3.887 GC heap before
{Heap before GC invocations=5 (full 1):
 PSYoungGen      total 138240K, used 5108K [0x00000000e0000000, 0x00000000e8c00000, 0x0000000100000000)
  eden space 133120K, 0% used [0x00000000e0000000,0x00000000e0000000,0x00000000e8200000)
  from space 5120K, 99% used [0x00000000e8700000,0x00000000e8bfd040,0x00000000e8c00000)
  to   space 5120K, 0% used [0x00000000e8200000,0x00000000e8200000,0x00000000e8700000)
 ParOldGen       total 87552K, used 8830K [0x00000000a0000000, 0x00000000a5580000, 0x00000000e0000000)
  object space 87552K, 10% used [0x00000000a0000000,0x00000000a089fb20,0x00000000a5580000)
 Metaspace       used 20819K, capacity 21200K, committed 21248K, reserved 1067008K
  class space    used 2905K, capacity 3038K, committed 3072K, reserved 1048576K
Event: 3.938 GC heap after
Heap after GC invocations=5 (full 1):
 PSYoungGen      total 138240K, used 0K [0x00000000e0000000, 0x00000000e8c00000, 0x0000000100000000)
  eden space 133120K, 0% used [0x00000000e0000000,0x00000000e0000000,0x00000000e8200000)
  from space 5120K, 0% used [0x00000000e8700000,0x00000000e8700000,0x00000000e8c00000)
  to   space 5120K, 0% used [0x00000000e8200000,0x00000000e8200000,0x00000000e8700000)
 ParOldGen       total 56832K, used 8208K [0x00000000a0000000, 0x00000000a3780000, 0x00000000e0000000)
  object space 56832K, 14% used [0x00000000a0000000,0x00000000a08043d8,0x00000000a3780000)
 Metaspace       used 20819K, capacity 21200K, committed 21248K, reserved 1067008K
  class space    used 2905K, capacity 3038K, committed 3072K, reserved 1048576K
}
Event: 6.652 GC heap before
{Heap before GC invocations=6 (full 1):
 PSYoungGen      total 138240K, used 133120K [0x00000000e0000000, 0x00000000e8c00000, 0x0000000100000000)
  eden space 133120K, 100% used [0x00000000e0000000,0x00000000e8200000,0x00000000e8200000)
  from space 5120K, 0% used [0x00000000e8700000,0x00000000e8700000,0x00000000e8c00000)
  to   space 5120K, 0% used [0x00000000e8200000,0x00000000e8200000,0x00000000e8700000)
 ParOldGen       total 56832K, used 8208K [0x00000000a0000000, 0x00000000a3780000, 0x00000000e0000000)
  object space 56832K, 14% used [0x00000000a0000000,0x00000000a08043d8,0x00000000a3780000)
 Metaspace       used 29967K, capacity 30430K, committed 30592K, reserved 1075200K
  class space    used 4203K, capacity 4354K, committed 4480K, reserved 1048576K
Event: 6.687 GC heap after
Heap after GC invocations=6 (full 1):
 PSYoungGen      total 138240K, used 5104K [0x00000000e0000000, 0x00000000ef780000, 0x0000000100000000)
  eden space 133120K, 0% used [0x00000000e0000000,0x00000000e0000000,0x00000000e8200000)
  from space 5120K, 99% used [0x00000000e8200000,0x00000000e86fc010,0x00000000e8700000)
  to   space 14848K, 0% used [0x00000000ee900000,0x00000000ee900000,0x00000000ef780000)
 ParOldGen       total 56832K, used 16306K [0x00000000a0000000, 0x00000000a3780000, 0x00000000e0000000)
  object space 56832K, 28% used [0x00000000a0000000,0x00000000a0fec9a8,0x00000000a3780000)
 Metaspace       used 29967K, capacity 30430K, committed 30592K, reserved 1075200K
  class space    used 4203K, capacity 4354K, committed 4480K, reserved 1048576K
}
Event: 8.042 GC heap before
{Heap before GC invocations=7 (full 1):
 PSYoungGen      total 138240K, used 30949K [0x00000000e0000000, 0x00000000ef780000, 0x0000000100000000)
  eden space 133120K, 19% used [0x00000000e0000000,0x00000000e193d5b8,0x00000000e8200000)
  from space 5120K, 99% used [0x00000000e8200000,0x00000000e86fc010,0x00000000e8700000)
  to   space 14848K, 0% used [0x00000000ee900000,0x00000000ee900000,0x00000000ef780000)
 ParOldGen       total 56832K, used 16306K [0x00000000a0000000, 0x00000000a3780000, 0x00000000e0000000)
  object space 56832K, 28% used [0x00000000a0000000,0x00000000a0fec9a8,0x00000000a3780000)
 Metaspace       used 34655K, capacity 35196K, committed 35416K, reserved 1079296K
  class space    used 4784K, capacity 4972K, committed 4992K, reserved 1048576K
Event: 8.055 GC heap after
Heap after GC invocations=7 (full 1):
 PSYoungGen      total 226816K, used 8693K [0x00000000e0000000, 0x00000000ef180000, 0x0000000100000000)
  eden space 218112K, 0% used [0x00000000e0000000,0x00000000e0000000,0x00000000ed500000)
  from space 8704K, 99% used [0x00000000ee900000,0x00000000ef17d508,0x00000000ef180000)
  to   space 14336K, 0% used [0x00000000ed580000,0x00000000ed580000,0x00000000ee380000)
 ParOldGen       total 56832K, used 16314K [0x00000000a0000000, 0x00000000a3780000, 0x00000000e0000000)
  object space 56832K, 28% used [0x00000000a0000000,0x00000000a0fee9a8,0x00000000a3780000)
 Metaspace       used 34655K, capacity 35196K, committed 35416K, reserved 1079296K
  class space    used 4784K, capacity 4972K, committed 4992K, reserved 1048576K
}
Event: 8.055 GC heap before
{Heap before GC invocations=8 (full 2):
 PSYoungGen      total 226816K, used 8693K [0x00000000e0000000, 0x00000000ef180000, 0x0000000100000000)
  eden space 218112K, 0% used [0x00000000e0000000,0x00000000e0000000,0x00000000ed500000)
  from space 8704K, 99% used [0x00000000ee900000,0x00000000ef17d508,0x00000000ef180000)
  to   space 14336K, 0% used [0x00000000ed580000,0x00000000ed580000,0x00000000ee380000)
 ParOldGen       total 56832K, used 16314K [0x00000000a0000000, 0x00000000a3780000, 0x00000000e0000000)
  object space 56832K, 28% used [0x00000000a0000000,0x00000000a0fee9a8,0x00000000a3780000)
 Metaspace       used 34655K, capacity 35196K, committed 35416K, reserved 1079296K
  class space    used 4784K, capacity 4972K, committed 4992K, reserved 1048576K
Event: 8.146 GC heap after
Heap after GC invocations=8 (full 2):
 PSYoungGen      total 226816K, used 0K [0x00000000e0000000, 0x00000000ef180000, 0x0000000100000000)
  eden space 218112K, 0% used [0x00000000e0000000,0x00000000e0000000,0x00000000ed500000)
  from space 8704K, 0% used [0x00000000ee900000,0x00000000ee900000,0x00000000ef180000)
  to   space 14336K, 0% used [0x00000000ed580000,0x00000000ed580000,0x00000000ee380000)
 ParOldGen       total 87040K, used 16124K [0x00000000a0000000, 0x00000000a5500000, 0x00000000e0000000)
  object space 87040K, 18% used [0x00000000a0000000,0x00000000a0fbf1e0,0x00000000a5500000)
 Metaspace       used 34655K, capacity 35196K, committed 35416K, reserved 1079296K
  class space    used 4784K, capacity 4972K, committed 4992K, reserved 1048576K
}
Event: 18.295 GC heap before
{Heap before GC invocations=9 (full 2):
 PSYoungGen      total 226816K, used 218112K [0x00000000e0000000, 0x00000000ef180000, 0x0000000100000000)
  eden space 218112K, 100% used [0x00000000e0000000,0x00000000ed500000,0x00000000ed500000)
  from space 8704K, 0% used [0x00000000ee900000,0x00000000ee900000,0x00000000ef180000)
  to   space 14336K, 0% used [0x00000000ed580000,0x00000000ed580000,0x00000000ee380000)
 ParOldGen       total 87040K, used 16124K [0x00000000a0000000, 0x00000000a5500000, 0x00000000e0000000)
  object space 87040K, 18% used [0x00000000a0000000,0x00000000a0fbf1e0,0x00000000a5500000)
 Metaspace       used 50657K, capacity 52164K, committed 52440K, reserved 1093632K
  class space    used 6955K, capacity 7361K, committed 7424K, reserved 1048576K
Event: 18.319 GC heap after
Heap after GC invocations=9 (full 2):
 PSYoungGen      total 232960K, used 14311K [0x00000000e0000000, 0x00000000f6780000, 0x0000000100000000)
  eden space 218624K, 0% used [0x00000000e0000000,0x00000000e0000000,0x00000000ed580000)
  from space 14336K, 99% used [0x00000000ed580000,0x00000000ee379e60,0x00000000ee380000)
  to   space 19968K, 0% used [0x00000000f5400000,0x00000000f5400000,0x00000000f6780000)
 ParOldGen       total 87040K, used 23427K [0x00000000a0000000, 0x00000000a5500000, 0x00000000e0000000)
  object space 87040K, 26% used [0x00000000a0000000,0x00000000a16e0de8,0x00000000a5500000)
 Metaspace       used 50657K, capacity 52164K, committed 52440K, reserved 1093632K
  class space    used 6955K, capacity 7361K, committed 7424K, reserved 1048576K
}

